<?xml version="1.0" encoding="UTF-8"?>
<!-- Generated by org.testng.reporters.JUnitReportReporter -->
<testsuite hostname="LAPTOP-DK6TK74Q" failures="0" tests="1" name="MavenExample.CreateUserTest" time="0.017" errors="0" timestamp="09 May 2022 08:57:26 GMT" skipped="0">
  <testcase classname="MavenExample.CreateUserTest" name="createUserTest" time="0.017"/>
</testsuite> <!-- MavenExample.CreateUserTest -->
